<?xml version="1.0" encoding="UTF-8"?>
<!-- Generated by org.testng.reporters.JUnitXMLReporter -->
<testsuite ignored="0" hostname="DESKTOP-U0KETTA" failures="0" tests="6" name="Default test" time="15.901" errors="0" timestamp="2024-08-28T11:29:02 IST">
  <testcase classname="api.test.DataDrivenTest" name="testPostuser" time="5.487"/>
  <testcase classname="api.test.DataDrivenTest" name="testPostuser" time="1.456"/>
  <testcase classname="api.test.DataDrivenTest" name="testPostuser" time="1.454"/>
  <testcase classname="api.test.DataDrivenTest" name="delete_users" time="1.577"/>
  <testcase classname="api.test.DataDrivenTest" name="delete_users" time="1.446"/>
  <testcase classname="api.test.DataDrivenTest" name="delete_users" time="1.432"/>
</testsuite> <!-- Default test -->
