<?xml version="1.0" encoding="UTF-8"?>
<!-- Generated by org.testng.reporters.JUnitXMLReporter -->
<testsuite ignored="0" hostname="DESKTOP-U0KETTA" failures="0" tests="4" name="Test" time="17.109" errors="0" timestamp="2024-08-28T12:19:15 IST">
  <testcase classname="api.test.UserTests2" name="TestPostUser" time="7.515"/>
  <testcase classname="api.test.UserTests2" name="testgetUserbyName" time="1.57"/>
  <testcase classname="api.test.UserTests2" name="testUpdateUser" time="3.084"/>
  <testcase classname="api.test.UserTests2" name="testDeleteUser" time="1.422"/>
</testsuite> <!-- Test -->
