<?xml version="1.0" encoding="UTF-8"?>
<!-- Generated by org.testng.reporters.JUnitXMLReporter -->
<testsuite ignored="0" hostname="DESKTOP-U0KETTA" failures="0" tests="4" name="Test" time="16.636" errors="0" timestamp="2024-08-28T12:47:33 IST">
  <testcase classname="api.test.UserTests2" name="TestPostUser" time="6.709"/>
  <testcase classname="api.test.UserTests2" name="testgetUserbyName" time="1.525"/>
  <testcase classname="api.test.UserTests2" name="testUpdateUser" time="4.226"/>
  <testcase classname="api.test.UserTests2" name="testDeleteUser" time="1.512"/>
</testsuite> <!-- Test -->
