<?xml version="1.0" encoding="UTF-8"?>
<!-- Generated by org.testng.reporters.JUnitXMLReporter -->
<testsuite ignored="0" hostname="DESKTOP-U0KETTA" failures="0" tests="4" name="Test" time="15.925" errors="0" timestamp="2024-08-28T15:43:17 IST">
  <testcase classname="api.test.UserTests2" name="TestPostUser" time="6.879"/>
  <testcase classname="api.test.UserTests2" name="testgetUserbyName" time="1.555"/>
  <testcase classname="api.test.UserTests2" name="testUpdateUser" time="3.053"/>
  <testcase classname="api.test.UserTests2" name="testDeleteUser" time="1.417"/>
</testsuite> <!-- Test -->
