<?xml version="1.0" encoding="UTF-8"?>
<testng-results ignored="0" total="4" passed="4" failed="0" skipped="0">
  <reporter-output>
  </reporter-output>
  <suite started-at="2024-08-28T12:47:15 IST" name="Suite" finished-at="2024-08-28T12:47:32 IST" duration-ms="16636">
    <groups>
    </groups>
    <test started-at="2024-08-28T12:47:15 IST" name="Test" finished-at="2024-08-28T12:47:32 IST" duration-ms="16636">
      <class name="api.test.UserTests2">
        <test-method is-config="true" signature="setupdata()[pri:0, instance:api.test.UserTests2@2b662a77]" started-at="2024-08-28T12:47:16 IST" name="setupdata" finished-at="2024-08-28T12:47:18 IST" duration-ms="2008" status="PASS">
          <reporter-output>
          </reporter-output>
        </test-method> <!-- setupdata -->
        <test-method signature="TestPostUser()[pri:1, instance:api.test.UserTests2@2b662a77]" started-at="2024-08-28T12:47:18 IST" name="TestPostUser" finished-at="2024-08-28T12:47:25 IST" duration-ms="6709" status="PASS">
          <reporter-output>
          </reporter-output>
        </test-method> <!-- TestPostUser -->
        <test-method signature="testgetUserbyName()[pri:2, instance:api.test.UserTests2@2b662a77]" started-at="2024-08-28T12:47:25 IST" name="testgetUserbyName" finished-at="2024-08-28T12:47:26 IST" duration-ms="1525" status="PASS">
          <reporter-output>
          </reporter-output>
        </test-method> <!-- testgetUserbyName -->
        <test-method signature="testUpdateUser()[pri:3, instance:api.test.UserTests2@2b662a77]" started-at="2024-08-28T12:47:26 IST" name="testUpdateUser" finished-at="2024-08-28T12:47:30 IST" duration-ms="4226" status="PASS">
          <reporter-output>
          </reporter-output>
        </test-method> <!-- testUpdateUser -->
        <test-method signature="testDeleteUser()[pri:4, instance:api.test.UserTests2@2b662a77]" started-at="2024-08-28T12:47:30 IST" name="testDeleteUser" finished-at="2024-08-28T12:47:32 IST" duration-ms="1512" status="PASS">
          <reporter-output>
          </reporter-output>
        </test-method> <!-- testDeleteUser -->
      </class> <!-- api.test.UserTests2 -->
    </test> <!-- Test -->
  </suite> <!-- Suite -->
</testng-results>
