<?xml version="1.0" encoding="UTF-8"?>
<testng-results ignored="0" total="4" passed="4" failed="0" skipped="0">
  <reporter-output>
  </reporter-output>
  <suite started-at="2024-08-28T15:43:00 IST" name="Suite" finished-at="2024-08-28T15:43:16 IST" duration-ms="15925">
    <groups>
    </groups>
    <test started-at="2024-08-28T15:43:00 IST" name="Test" finished-at="2024-08-28T15:43:16 IST" duration-ms="15925">
      <class name="api.test.UserTests2">
        <test-method is-config="true" signature="setupdata()[pri:0, instance:api.test.UserTests2@2b662a77]" started-at="2024-08-28T15:43:01 IST" name="setupdata" finished-at="2024-08-28T15:43:03 IST" duration-ms="2303" status="PASS">
          <reporter-output>
          </reporter-output>
        </test-method> <!-- setupdata -->
        <test-method signature="TestPostUser()[pri:1, instance:api.test.UserTests2@2b662a77]" started-at="2024-08-28T15:43:03 IST" name="TestPostUser" finished-at="2024-08-28T15:43:10 IST" duration-ms="6879" status="PASS">
          <reporter-output>
          </reporter-output>
        </test-method> <!-- TestPostUser -->
        <test-method signature="testgetUserbyName()[pri:2, instance:api.test.UserTests2@2b662a77]" started-at="2024-08-28T15:43:10 IST" name="testgetUserbyName" finished-at="2024-08-28T15:43:12 IST" duration-ms="1555" status="PASS">
          <reporter-output>
          </reporter-output>
        </test-method> <!-- testgetUserbyName -->
        <test-method signature="testUpdateUser()[pri:3, instance:api.test.UserTests2@2b662a77]" started-at="2024-08-28T15:43:12 IST" name="testUpdateUser" finished-at="2024-08-28T15:43:15 IST" duration-ms="3053" status="PASS">
          <reporter-output>
          </reporter-output>
        </test-method> <!-- testUpdateUser -->
        <test-method signature="testDeleteUser()[pri:4, instance:api.test.UserTests2@2b662a77]" started-at="2024-08-28T15:43:15 IST" name="testDeleteUser" finished-at="2024-08-28T15:43:16 IST" duration-ms="1417" status="PASS">
          <reporter-output>
          </reporter-output>
        </test-method> <!-- testDeleteUser -->
      </class> <!-- api.test.UserTests2 -->
    </test> <!-- Test -->
  </suite> <!-- Suite -->
</testng-results>
