<?xml version="1.0" encoding="UTF-8"?>
<testng-results ignored="0" total="4" passed="4" failed="0" skipped="0">
  <reporter-output>
  </reporter-output>
  <suite started-at="2024-08-28T12:18:57 IST" name="Suite" finished-at="2024-08-28T12:19:15 IST" duration-ms="17109">
    <groups>
    </groups>
    <test started-at="2024-08-28T12:18:57 IST" name="Test" finished-at="2024-08-28T12:19:15 IST" duration-ms="17109">
      <class name="api.test.UserTests2">
        <test-method is-config="true" signature="setupdata()[pri:0, instance:api.test.UserTests2@7e07db1f]" started-at="2024-08-28T12:18:58 IST" name="setupdata" finished-at="2024-08-28T12:19:01 IST" duration-ms="2605" status="PASS">
          <reporter-output>
          </reporter-output>
        </test-method> <!-- setupdata -->
        <test-method signature="TestPostUser()[pri:1, instance:api.test.UserTests2@7e07db1f]" started-at="2024-08-28T12:19:01 IST" name="TestPostUser" finished-at="2024-08-28T12:19:08 IST" duration-ms="7515" status="PASS">
          <reporter-output>
          </reporter-output>
        </test-method> <!-- TestPostUser -->
        <test-method signature="testgetUserbyName()[pri:2, instance:api.test.UserTests2@7e07db1f]" started-at="2024-08-28T12:19:08 IST" name="testgetUserbyName" finished-at="2024-08-28T12:19:10 IST" duration-ms="1570" status="PASS">
          <reporter-output>
          </reporter-output>
        </test-method> <!-- testgetUserbyName -->
        <test-method signature="testUpdateUser()[pri:3, instance:api.test.UserTests2@7e07db1f]" started-at="2024-08-28T12:19:10 IST" name="testUpdateUser" finished-at="2024-08-28T12:19:13 IST" duration-ms="3084" status="PASS">
          <reporter-output>
          </reporter-output>
        </test-method> <!-- testUpdateUser -->
        <test-method signature="testDeleteUser()[pri:4, instance:api.test.UserTests2@7e07db1f]" started-at="2024-08-28T12:19:13 IST" name="testDeleteUser" finished-at="2024-08-28T12:19:15 IST" duration-ms="1422" status="PASS">
          <reporter-output>
          </reporter-output>
        </test-method> <!-- testDeleteUser -->
      </class> <!-- api.test.UserTests2 -->
    </test> <!-- Test -->
  </suite> <!-- Suite -->
</testng-results>
